[debug] [2020-06-04T19:36:06.614Z] ----------------------------------------------------------------------
[debug] [2020-06-04T19:36:06.616Z] Command:       /Users/everdome/.nvm/versions/node/v13.7.0/bin/node /Users/everdome/.nvm/versions/node/v13.7.0/bin/firebase ext:install https://github.com/fireRun-io/firerun-ext/archive/v0.1-alpha.zip --project=mail2airtable --debug
[debug] [2020-06-04T19:36:06.617Z] CLI Version:   8.4.1
[debug] [2020-06-04T19:36:06.617Z] Platform:      darwin
[debug] [2020-06-04T19:36:06.617Z] Node Version:  v13.7.0
[debug] [2020-06-04T19:36:06.625Z] Time:          Thu Jun 04 2020 15:36:06 GMT-0400 (Eastern Daylight Time)
[debug] [2020-06-04T19:36:06.625Z] ----------------------------------------------------------------------
[debug] [2020-06-04T19:36:06.625Z] 
[debug] [2020-06-04T19:36:06.637Z] > command requires scopes: ["email","openid","https://www.googleapis.com/auth/cloudplatformprojects.readonly","https://www.googleapis.com/auth/firebase","https://www.googleapis.com/auth/cloud-platform"]
[debug] [2020-06-04T19:36:06.639Z] > authorizing via signed-in user
[debug] [2020-06-04T19:36:06.642Z] [iam] checking project mail2airtable for permissions ["firebase.projects.get","firebaseextensions.instances.create"]
[debug] [2020-06-04T19:36:06.647Z] >>> HTTP REQUEST POST https://cloudresourcemanager.googleapis.com/v1/projects/mail2airtable:testIamPermissions  
 {"permissions":["firebase.projects.get","firebaseextensions.instances.create"]}
[debug] [2020-06-04T19:36:06.964Z] <<< HTTP RESPONSE 200 {"content-type":"application/json; charset=UTF-8","vary":"X-Origin, Referer, Origin,Accept-Encoding","date":"Thu, 04 Jun 2020 19:36:10 GMT","server":"ESF","cache-control":"private","x-xss-protection":"0","x-frame-options":"SAMEORIGIN","x-content-type-options":"nosniff","server-timing":"gfet4t7; dur=145","alt-svc":"h3-27=\":443\"; ma=2592000,h3-25=\":443\"; ma=2592000,h3-T050=\":443\"; ma=2592000,h3-Q050=\":443\"; ma=2592000,h3-Q049=\":443\"; ma=2592000,h3-Q048=\":443\"; ma=2592000,h3-Q046=\":443\"; ma=2592000,h3-Q043=\":443\"; ma=2592000,quic=\":443\"; ma=2592000; v=\"46,43\"","accept-ranges":"none","transfer-encoding":"chunked"}
[info] i  extensions: ensuring required API firebaseextensions.googleapis.com is enabled... 
[debug] [2020-06-04T19:36:06.968Z] >>> HTTP REQUEST GET https://serviceusage.googleapis.com/v1/projects/mail2airtable/services/firebaseextensions.googleapis.com  
 
[debug] [2020-06-04T19:36:07.329Z] <<< HTTP RESPONSE 200 {"content-type":"application/json; charset=UTF-8","vary":"X-Origin, Referer, Origin,Accept-Encoding","date":"Thu, 04 Jun 2020 19:36:11 GMT","server":"ESF","cache-control":"private","x-xss-protection":"0","x-frame-options":"SAMEORIGIN","x-content-type-options":"nosniff","alt-svc":"h3-27=\":443\"; ma=2592000,h3-25=\":443\"; ma=2592000,h3-T050=\":443\"; ma=2592000,h3-Q050=\":443\"; ma=2592000,h3-Q049=\":443\"; ma=2592000,h3-Q048=\":443\"; ma=2592000,h3-Q046=\":443\"; ma=2592000,h3-Q043=\":443\"; ma=2592000,quic=\":443\"; ma=2592000; v=\"46,43\"","accept-ranges":"none","transfer-encoding":"chunked"}
[info] ✔  extensions: required API firebaseextensions.googleapis.com is enabled 
[debug] [2020-06-04T19:36:07.331Z] >>> HTTP REQUEST GET https://extensions-registry.firebaseapp.com/extensions.json  
 
[debug] [2020-06-04T19:36:07.420Z] <<< HTTP RESPONSE 200 {"connection":"keep-alive","content-length":"9967","access-control-allow-origin":"*","cache-control":"max-age=3600","content-type":"application/json","etag":"4f601e564d3ffea9addc40f749d174fd82d303fafa5364bdc8d8c2d25b22a891","last-modified":"Wed, 20 May 2020 17:59:34 GMT","strict-transport-security":"max-age=31556926; includeSubDomains; preload","accept-ranges":"bytes","date":"Thu, 04 Jun 2020 19:36:11 GMT","x-served-by":"cache-lga21947-LGA","x-cache":"HIT","x-cache-hits":"1","x-timer":"S1591299371.227289,VS0,VE1","vary":"x-fh-requested-host, accept-encoding"}
[debug] [2020-06-04T19:36:07.422Z] >>> HTTP REQUEST POST https://firebaseextensions.googleapis.com/v1beta/projects/mail2airtable/sources/  
 {"packageUri":"https://github.com/fireRun-io/firerun-ext/archive/v0.1-alpha.zip"}
[debug] [2020-06-04T19:36:07.805Z] <<< HTTP RESPONSE 200 {"content-type":"application/json; charset=UTF-8","vary":"X-Origin, Referer, Origin,Accept-Encoding","date":"Thu, 04 Jun 2020 19:36:11 GMT","server":"ESF","cache-control":"private","x-xss-protection":"0","x-frame-options":"SAMEORIGIN","x-content-type-options":"nosniff","alt-svc":"h3-27=\":443\"; ma=2592000,h3-25=\":443\"; ma=2592000,h3-T050=\":443\"; ma=2592000,h3-Q050=\":443\"; ma=2592000,h3-Q049=\":443\"; ma=2592000,h3-Q048=\":443\"; ma=2592000,h3-Q046=\":443\"; ma=2592000,h3-Q043=\":443\"; ma=2592000,quic=\":443\"; ma=2592000; v=\"46,43\"","accept-ranges":"none","transfer-encoding":"chunked"}
[debug] [2020-06-04T19:36:07.807Z] >>> HTTP REQUEST GET https://firebaseextensions.googleapis.com/v1beta/projects/mail2airtable/operations/80d84a00-4b41-492f-8d92-6f3cb39315ea  
 
[debug] [2020-06-04T19:36:08.647Z] <<< HTTP RESPONSE 200 {"content-type":"application/json; charset=UTF-8","vary":"X-Origin, Referer, Origin,Accept-Encoding","date":"Thu, 04 Jun 2020 19:36:12 GMT","server":"ESF","cache-control":"private","x-xss-protection":"0","x-frame-options":"SAMEORIGIN","x-content-type-options":"nosniff","alt-svc":"h3-27=\":443\"; ma=2592000,h3-25=\":443\"; ma=2592000,h3-T050=\":443\"; ma=2592000,h3-Q050=\":443\"; ma=2592000,h3-Q049=\":443\"; ma=2592000,h3-Q048=\":443\"; ma=2592000,h3-Q046=\":443\"; ma=2592000,h3-Q043=\":443\"; ma=2592000,quic=\":443\"; ma=2592000; v=\"46,43\"","accept-ranges":"none","transfer-encoding":"chunked"}
[debug] [2020-06-04T19:36:09.150Z] [LRO Poller] Retrying task index 0
[debug] [2020-06-04T19:36:09.150Z] >>> HTTP REQUEST GET https://firebaseextensions.googleapis.com/v1beta/projects/mail2airtable/operations/80d84a00-4b41-492f-8d92-6f3cb39315ea  
 
[debug] [2020-06-04T19:36:09.819Z] <<< HTTP RESPONSE 200 {"content-type":"application/json; charset=UTF-8","vary":"X-Origin, Referer, Origin,Accept-Encoding","date":"Thu, 04 Jun 2020 19:36:13 GMT","server":"ESF","cache-control":"private","x-xss-protection":"0","x-frame-options":"SAMEORIGIN","x-content-type-options":"nosniff","alt-svc":"h3-27=\":443\"; ma=2592000,h3-25=\":443\"; ma=2592000,h3-T050=\":443\"; ma=2592000,h3-Q050=\":443\"; ma=2592000,h3-Q049=\":443\"; ma=2592000,h3-Q048=\":443\"; ma=2592000,h3-Q046=\":443\"; ma=2592000,h3-Q043=\":443\"; ma=2592000,quic=\":443\"; ma=2592000; v=\"46,43\"","accept-ranges":"none","transfer-encoding":"chunked"}
[error] 
[error] Error: Unable to find official extension named https://github.com/fireRun-io/firerun-ext/archive/v0.1-alpha.zip, and encountered the following error when trying to create an extension from 'https://github.com/fireRun-io/firerun-ext/archive/v0.1-alpha.zip':
 generic::invalid_argument: cannot read archive: could not parse mod spec: extension.yaml is missing
[debug] [2020-06-04T19:38:19.342Z] ----------------------------------------------------------------------
[debug] [2020-06-04T19:38:19.344Z] Command:       /Users/everdome/.nvm/versions/node/v13.7.0/bin/node /Users/everdome/.nvm/versions/node/v13.7.0/bin/firebase ext:install https://github.com/fireRun-io/firerun-ext/archive/0.2.tar.gz --project=mail2airtable --debug
[debug] [2020-06-04T19:38:19.345Z] CLI Version:   8.4.1
[debug] [2020-06-04T19:38:19.345Z] Platform:      darwin
[debug] [2020-06-04T19:38:19.345Z] Node Version:  v13.7.0
[debug] [2020-06-04T19:38:19.358Z] Time:          Thu Jun 04 2020 15:38:19 GMT-0400 (Eastern Daylight Time)
[debug] [2020-06-04T19:38:19.358Z] ----------------------------------------------------------------------
[debug] [2020-06-04T19:38:19.358Z] 
[debug] [2020-06-04T19:38:19.377Z] > command requires scopes: ["email","openid","https://www.googleapis.com/auth/cloudplatformprojects.readonly","https://www.googleapis.com/auth/firebase","https://www.googleapis.com/auth/cloud-platform"]
[debug] [2020-06-04T19:38:19.379Z] > authorizing via signed-in user
[debug] [2020-06-04T19:38:19.381Z] [iam] checking project mail2airtable for permissions ["firebase.projects.get","firebaseextensions.instances.create"]
[debug] [2020-06-04T19:38:19.387Z] >>> HTTP REQUEST POST https://cloudresourcemanager.googleapis.com/v1/projects/mail2airtable:testIamPermissions  
 {"permissions":["firebase.projects.get","firebaseextensions.instances.create"]}
[debug] [2020-06-04T19:38:19.704Z] <<< HTTP RESPONSE 200 {"content-type":"application/json; charset=UTF-8","vary":"X-Origin, Referer, Origin,Accept-Encoding","date":"Thu, 04 Jun 2020 19:38:23 GMT","server":"ESF","cache-control":"private","x-xss-protection":"0","x-frame-options":"SAMEORIGIN","x-content-type-options":"nosniff","server-timing":"gfet4t7; dur=136","alt-svc":"h3-27=\":443\"; ma=2592000,h3-25=\":443\"; ma=2592000,h3-T050=\":443\"; ma=2592000,h3-Q050=\":443\"; ma=2592000,h3-Q049=\":443\"; ma=2592000,h3-Q048=\":443\"; ma=2592000,h3-Q046=\":443\"; ma=2592000,h3-Q043=\":443\"; ma=2592000,quic=\":443\"; ma=2592000; v=\"46,43\"","accept-ranges":"none","transfer-encoding":"chunked"}
[info] i  extensions: ensuring required API firebaseextensions.googleapis.com is enabled... 
[debug] [2020-06-04T19:38:19.706Z] >>> HTTP REQUEST GET https://serviceusage.googleapis.com/v1/projects/mail2airtable/services/firebaseextensions.googleapis.com  
 
[debug] [2020-06-04T19:38:20.060Z] <<< HTTP RESPONSE 200 {"content-type":"application/json; charset=UTF-8","vary":"X-Origin, Referer, Origin,Accept-Encoding","date":"Thu, 04 Jun 2020 19:38:23 GMT","server":"ESF","cache-control":"private","x-xss-protection":"0","x-frame-options":"SAMEORIGIN","x-content-type-options":"nosniff","alt-svc":"h3-27=\":443\"; ma=2592000,h3-25=\":443\"; ma=2592000,h3-T050=\":443\"; ma=2592000,h3-Q050=\":443\"; ma=2592000,h3-Q049=\":443\"; ma=2592000,h3-Q048=\":443\"; ma=2592000,h3-Q046=\":443\"; ma=2592000,h3-Q043=\":443\"; ma=2592000,quic=\":443\"; ma=2592000; v=\"46,43\"","accept-ranges":"none","transfer-encoding":"chunked"}
[info] ✔  extensions: required API firebaseextensions.googleapis.com is enabled 
[debug] [2020-06-04T19:38:20.062Z] >>> HTTP REQUEST GET https://extensions-registry.firebaseapp.com/extensions.json  
 
[debug] [2020-06-04T19:38:20.153Z] <<< HTTP RESPONSE 200 {"connection":"keep-alive","content-length":"9967","access-control-allow-origin":"*","cache-control":"max-age=3600","content-type":"application/json","etag":"4f601e564d3ffea9addc40f749d174fd82d303fafa5364bdc8d8c2d25b22a891","last-modified":"Wed, 20 May 2020 17:59:34 GMT","strict-transport-security":"max-age=31556926; includeSubDomains; preload","accept-ranges":"bytes","date":"Thu, 04 Jun 2020 19:38:23 GMT","x-served-by":"cache-lga21948-LGA","x-cache":"HIT","x-cache-hits":"1","x-timer":"S1591299504.956771,VS0,VE0","vary":"x-fh-requested-host, accept-encoding"}
[debug] [2020-06-04T19:38:20.154Z] >>> HTTP REQUEST POST https://firebaseextensions.googleapis.com/v1beta/projects/mail2airtable/sources/  
 {"packageUri":"https://github.com/fireRun-io/firerun-ext/archive/0.2.tar.gz"}
[debug] [2020-06-04T19:38:20.505Z] <<< HTTP RESPONSE 200 {"content-type":"application/json; charset=UTF-8","vary":"X-Origin, Referer, Origin,Accept-Encoding","date":"Thu, 04 Jun 2020 19:38:24 GMT","server":"ESF","cache-control":"private","x-xss-protection":"0","x-frame-options":"SAMEORIGIN","x-content-type-options":"nosniff","alt-svc":"h3-27=\":443\"; ma=2592000,h3-25=\":443\"; ma=2592000,h3-T050=\":443\"; ma=2592000,h3-Q050=\":443\"; ma=2592000,h3-Q049=\":443\"; ma=2592000,h3-Q048=\":443\"; ma=2592000,h3-Q046=\":443\"; ma=2592000,h3-Q043=\":443\"; ma=2592000,quic=\":443\"; ma=2592000; v=\"46,43\"","accept-ranges":"none","transfer-encoding":"chunked"}
[debug] [2020-06-04T19:38:20.507Z] >>> HTTP REQUEST GET https://firebaseextensions.googleapis.com/v1beta/projects/mail2airtable/operations/0c226ffe-decb-47c5-8907-6424c631a282  
 
[debug] [2020-06-04T19:38:21.203Z] <<< HTTP RESPONSE 200 {"content-type":"application/json; charset=UTF-8","vary":"X-Origin, Referer, Origin,Accept-Encoding","date":"Thu, 04 Jun 2020 19:38:24 GMT","server":"ESF","cache-control":"private","x-xss-protection":"0","x-frame-options":"SAMEORIGIN","x-content-type-options":"nosniff","alt-svc":"h3-27=\":443\"; ma=2592000,h3-25=\":443\"; ma=2592000,h3-T050=\":443\"; ma=2592000,h3-Q050=\":443\"; ma=2592000,h3-Q049=\":443\"; ma=2592000,h3-Q048=\":443\"; ma=2592000,h3-Q046=\":443\"; ma=2592000,h3-Q043=\":443\"; ma=2592000,quic=\":443\"; ma=2592000; v=\"46,43\"","accept-ranges":"none","transfer-encoding":"chunked"}
[error] 
[error] Error: Unable to find official extension named https://github.com/fireRun-io/firerun-ext/archive/0.2.tar.gz, and encountered the following error when trying to create an extension from 'https://github.com/fireRun-io/firerun-ext/archive/0.2.tar.gz':
 generic::invalid_argument: cannot read archive: could not parse mod spec: extension.yaml is missing
[debug] [2020-06-04T19:42:59.562Z] ----------------------------------------------------------------------
[debug] [2020-06-04T19:42:59.564Z] Command:       /Users/everdome/.nvm/versions/node/v13.7.0/bin/node /Users/everdome/.nvm/versions/node/v13.7.0/bin/firebase ext:install https://images.firerun.io/firerun-ext-0.2.zip --project=mail2airtable --debug
[debug] [2020-06-04T19:42:59.564Z] CLI Version:   8.4.1
[debug] [2020-06-04T19:42:59.564Z] Platform:      darwin
[debug] [2020-06-04T19:42:59.564Z] Node Version:  v13.7.0
[debug] [2020-06-04T19:42:59.585Z] Time:          Thu Jun 04 2020 15:42:59 GMT-0400 (Eastern Daylight Time)
[debug] [2020-06-04T19:42:59.586Z] ----------------------------------------------------------------------
[debug] [2020-06-04T19:42:59.586Z] 
[debug] [2020-06-04T19:42:59.595Z] > command requires scopes: ["email","openid","https://www.googleapis.com/auth/cloudplatformprojects.readonly","https://www.googleapis.com/auth/firebase","https://www.googleapis.com/auth/cloud-platform"]
[debug] [2020-06-04T19:42:59.597Z] > authorizing via signed-in user
[debug] [2020-06-04T19:42:59.600Z] [iam] checking project mail2airtable for permissions ["firebase.projects.get","firebaseextensions.instances.create"]
[debug] [2020-06-04T19:42:59.605Z] >>> HTTP REQUEST POST https://cloudresourcemanager.googleapis.com/v1/projects/mail2airtable:testIamPermissions  
 {"permissions":["firebase.projects.get","firebaseextensions.instances.create"]}
[debug] [2020-06-04T19:42:59.926Z] <<< HTTP RESPONSE 200 {"content-type":"application/json; charset=UTF-8","vary":"X-Origin, Referer, Origin,Accept-Encoding","date":"Thu, 04 Jun 2020 19:43:03 GMT","server":"ESF","cache-control":"private","x-xss-protection":"0","x-frame-options":"SAMEORIGIN","x-content-type-options":"nosniff","server-timing":"gfet4t7; dur=143","alt-svc":"h3-27=\":443\"; ma=2592000,h3-25=\":443\"; ma=2592000,h3-T050=\":443\"; ma=2592000,h3-Q050=\":443\"; ma=2592000,h3-Q049=\":443\"; ma=2592000,h3-Q048=\":443\"; ma=2592000,h3-Q046=\":443\"; ma=2592000,h3-Q043=\":443\"; ma=2592000,quic=\":443\"; ma=2592000; v=\"46,43\"","accept-ranges":"none","transfer-encoding":"chunked"}
[info] i  extensions: ensuring required API firebaseextensions.googleapis.com is enabled... 
[debug] [2020-06-04T19:42:59.928Z] >>> HTTP REQUEST GET https://serviceusage.googleapis.com/v1/projects/mail2airtable/services/firebaseextensions.googleapis.com  
 
[debug] [2020-06-04T19:43:00.283Z] <<< HTTP RESPONSE 200 {"content-type":"application/json; charset=UTF-8","vary":"X-Origin, Referer, Origin,Accept-Encoding","date":"Thu, 04 Jun 2020 19:43:04 GMT","server":"ESF","cache-control":"private","x-xss-protection":"0","x-frame-options":"SAMEORIGIN","x-content-type-options":"nosniff","alt-svc":"h3-27=\":443\"; ma=2592000,h3-25=\":443\"; ma=2592000,h3-T050=\":443\"; ma=2592000,h3-Q050=\":443\"; ma=2592000,h3-Q049=\":443\"; ma=2592000,h3-Q048=\":443\"; ma=2592000,h3-Q046=\":443\"; ma=2592000,h3-Q043=\":443\"; ma=2592000,quic=\":443\"; ma=2592000; v=\"46,43\"","accept-ranges":"none","transfer-encoding":"chunked"}
[info] ✔  extensions: required API firebaseextensions.googleapis.com is enabled 
[debug] [2020-06-04T19:43:00.285Z] >>> HTTP REQUEST GET https://extensions-registry.firebaseapp.com/extensions.json  
 
[debug] [2020-06-04T19:43:00.450Z] <<< HTTP RESPONSE 200 {"connection":"keep-alive","content-length":"9967","access-control-allow-origin":"*","cache-control":"max-age=3600","content-type":"application/json","etag":"4f601e564d3ffea9addc40f749d174fd82d303fafa5364bdc8d8c2d25b22a891","last-modified":"Wed, 20 May 2020 17:59:34 GMT","strict-transport-security":"max-age=31556926; includeSubDomains; preload","accept-ranges":"bytes","date":"Thu, 04 Jun 2020 19:43:04 GMT","x-served-by":"cache-lga21929-LGA","x-cache":"HIT","x-cache-hits":"1","x-timer":"S1591299784.245449,VS0,VE0","vary":"x-fh-requested-host, accept-encoding"}
[debug] [2020-06-04T19:43:00.451Z] >>> HTTP REQUEST POST https://firebaseextensions.googleapis.com/v1beta/projects/mail2airtable/sources/  
 {"packageUri":"https://images.firerun.io/firerun-ext-0.2.zip"}
[debug] [2020-06-04T19:43:00.794Z] <<< HTTP RESPONSE 200 {"content-type":"application/json; charset=UTF-8","vary":"X-Origin, Referer, Origin,Accept-Encoding","date":"Thu, 04 Jun 2020 19:43:04 GMT","server":"ESF","cache-control":"private","x-xss-protection":"0","x-frame-options":"SAMEORIGIN","x-content-type-options":"nosniff","alt-svc":"h3-27=\":443\"; ma=2592000,h3-25=\":443\"; ma=2592000,h3-T050=\":443\"; ma=2592000,h3-Q050=\":443\"; ma=2592000,h3-Q049=\":443\"; ma=2592000,h3-Q048=\":443\"; ma=2592000,h3-Q046=\":443\"; ma=2592000,h3-Q043=\":443\"; ma=2592000,quic=\":443\"; ma=2592000; v=\"46,43\"","accept-ranges":"none","transfer-encoding":"chunked"}
[debug] [2020-06-04T19:43:00.796Z] >>> HTTP REQUEST GET https://firebaseextensions.googleapis.com/v1beta/projects/mail2airtable/operations/b0ea53a0-9965-4b1a-a457-07bb61ae2327  
 
[debug] [2020-06-04T19:43:01.414Z] <<< HTTP RESPONSE 200 {"content-type":"application/json; charset=UTF-8","vary":"X-Origin, Referer, Origin,Accept-Encoding","date":"Thu, 04 Jun 2020 19:43:05 GMT","server":"ESF","cache-control":"private","x-xss-protection":"0","x-frame-options":"SAMEORIGIN","x-content-type-options":"nosniff","alt-svc":"h3-27=\":443\"; ma=2592000,h3-25=\":443\"; ma=2592000,h3-T050=\":443\"; ma=2592000,h3-Q050=\":443\"; ma=2592000,h3-Q049=\":443\"; ma=2592000,h3-Q048=\":443\"; ma=2592000,h3-Q046=\":443\"; ma=2592000,h3-Q043=\":443\"; ma=2592000,quic=\":443\"; ma=2592000; v=\"46,43\"","accept-ranges":"none","transfer-encoding":"chunked"}
[error] 
[error] Error: Unable to find official extension named https://images.firerun.io/firerun-ext-0.2.zip, and encountered the following error when trying to create an extension from 'https://images.firerun.io/firerun-ext-0.2.zip':
 Get "https://images.firerun.io/firerun-ext-0.2.zip": harpoon URL rejected REJECTED_CLIENT_CAPABILITY: Client harpoon-firebase-mods is not allowed to fetch from this domain. Check the associated DestinationDomainRestrictions.
[debug] [2020-06-04T19:43:26.906Z] ----------------------------------------------------------------------
[debug] [2020-06-04T19:43:26.908Z] Command:       /Users/everdome/.nvm/versions/node/v13.7.0/bin/node /Users/everdome/.nvm/versions/node/v13.7.0/bin/firebase ext:install https://github.com/fireRun-io/firerun-ext/archive/v0.1-alpha.zip --project=mail2airtable --debug
[debug] [2020-06-04T19:43:26.909Z] CLI Version:   8.4.1
[debug] [2020-06-04T19:43:26.909Z] Platform:      darwin
[debug] [2020-06-04T19:43:26.909Z] Node Version:  v13.7.0
[debug] [2020-06-04T19:43:26.911Z] Time:          Thu Jun 04 2020 15:43:26 GMT-0400 (Eastern Daylight Time)
[debug] [2020-06-04T19:43:26.911Z] ----------------------------------------------------------------------
[debug] [2020-06-04T19:43:26.911Z] 
[debug] [2020-06-04T19:43:26.919Z] > command requires scopes: ["email","openid","https://www.googleapis.com/auth/cloudplatformprojects.readonly","https://www.googleapis.com/auth/firebase","https://www.googleapis.com/auth/cloud-platform"]
[debug] [2020-06-04T19:43:26.921Z] > authorizing via signed-in user
[debug] [2020-06-04T19:43:26.923Z] [iam] checking project mail2airtable for permissions ["firebase.projects.get","firebaseextensions.instances.create"]
[debug] [2020-06-04T19:43:26.926Z] >>> HTTP REQUEST POST https://cloudresourcemanager.googleapis.com/v1/projects/mail2airtable:testIamPermissions  
 {"permissions":["firebase.projects.get","firebaseextensions.instances.create"]}
[debug] [2020-06-04T19:43:27.176Z] <<< HTTP RESPONSE 200 {"content-type":"application/json; charset=UTF-8","vary":"X-Origin, Referer, Origin,Accept-Encoding","date":"Thu, 04 Jun 2020 19:43:30 GMT","server":"ESF","cache-control":"private","x-xss-protection":"0","x-frame-options":"SAMEORIGIN","x-content-type-options":"nosniff","server-timing":"gfet4t7; dur=142","alt-svc":"h3-27=\":443\"; ma=2592000,h3-25=\":443\"; ma=2592000,h3-T050=\":443\"; ma=2592000,h3-Q050=\":443\"; ma=2592000,h3-Q049=\":443\"; ma=2592000,h3-Q048=\":443\"; ma=2592000,h3-Q046=\":443\"; ma=2592000,h3-Q043=\":443\"; ma=2592000,quic=\":443\"; ma=2592000; v=\"46,43\"","accept-ranges":"none","transfer-encoding":"chunked"}
[info] i  extensions: ensuring required API firebaseextensions.googleapis.com is enabled... 
[debug] [2020-06-04T19:43:27.178Z] >>> HTTP REQUEST GET https://serviceusage.googleapis.com/v1/projects/mail2airtable/services/firebaseextensions.googleapis.com  
 
[debug] [2020-06-04T19:43:27.519Z] <<< HTTP RESPONSE 200 {"content-type":"application/json; charset=UTF-8","vary":"X-Origin, Referer, Origin,Accept-Encoding","date":"Thu, 04 Jun 2020 19:43:31 GMT","server":"ESF","cache-control":"private","x-xss-protection":"0","x-frame-options":"SAMEORIGIN","x-content-type-options":"nosniff","alt-svc":"h3-27=\":443\"; ma=2592000,h3-25=\":443\"; ma=2592000,h3-T050=\":443\"; ma=2592000,h3-Q050=\":443\"; ma=2592000,h3-Q049=\":443\"; ma=2592000,h3-Q048=\":443\"; ma=2592000,h3-Q046=\":443\"; ma=2592000,h3-Q043=\":443\"; ma=2592000,quic=\":443\"; ma=2592000; v=\"46,43\"","accept-ranges":"none","transfer-encoding":"chunked"}
[info] ✔  extensions: required API firebaseextensions.googleapis.com is enabled 
[debug] [2020-06-04T19:43:27.521Z] >>> HTTP REQUEST GET https://extensions-registry.firebaseapp.com/extensions.json  
 
[debug] [2020-06-04T19:43:27.613Z] <<< HTTP RESPONSE 200 {"connection":"keep-alive","content-length":"9967","access-control-allow-origin":"*","cache-control":"max-age=3600","content-type":"application/json","etag":"4f601e564d3ffea9addc40f749d174fd82d303fafa5364bdc8d8c2d25b22a891","last-modified":"Wed, 20 May 2020 17:59:34 GMT","strict-transport-security":"max-age=31556926; includeSubDomains; preload","accept-ranges":"bytes","date":"Thu, 04 Jun 2020 19:43:31 GMT","x-served-by":"cache-lga21955-LGA","x-cache":"HIT","x-cache-hits":"1","x-timer":"S1591299811.405670,VS0,VE1","vary":"x-fh-requested-host, accept-encoding"}
[debug] [2020-06-04T19:43:27.614Z] >>> HTTP REQUEST POST https://firebaseextensions.googleapis.com/v1beta/projects/mail2airtable/sources/  
 {"packageUri":"https://github.com/fireRun-io/firerun-ext/archive/v0.1-alpha.zip"}
[debug] [2020-06-04T19:43:27.900Z] <<< HTTP RESPONSE 200 {"content-type":"application/json; charset=UTF-8","vary":"X-Origin, Referer, Origin,Accept-Encoding","date":"Thu, 04 Jun 2020 19:43:31 GMT","server":"ESF","cache-control":"private","x-xss-protection":"0","x-frame-options":"SAMEORIGIN","x-content-type-options":"nosniff","alt-svc":"h3-27=\":443\"; ma=2592000,h3-25=\":443\"; ma=2592000,h3-T050=\":443\"; ma=2592000,h3-Q050=\":443\"; ma=2592000,h3-Q049=\":443\"; ma=2592000,h3-Q048=\":443\"; ma=2592000,h3-Q046=\":443\"; ma=2592000,h3-Q043=\":443\"; ma=2592000,quic=\":443\"; ma=2592000; v=\"46,43\"","accept-ranges":"none","transfer-encoding":"chunked"}
[debug] [2020-06-04T19:43:27.901Z] >>> HTTP REQUEST GET https://firebaseextensions.googleapis.com/v1beta/projects/mail2airtable/operations/c47f55d9-dd2b-4345-a77a-0e9b4d0d85c8  
 
[debug] [2020-06-04T19:43:28.423Z] <<< HTTP RESPONSE 200 {"content-type":"application/json; charset=UTF-8","vary":"X-Origin, Referer, Origin,Accept-Encoding","date":"Thu, 04 Jun 2020 19:43:32 GMT","server":"ESF","cache-control":"private","x-xss-protection":"0","x-frame-options":"SAMEORIGIN","x-content-type-options":"nosniff","alt-svc":"h3-27=\":443\"; ma=2592000,h3-25=\":443\"; ma=2592000,h3-T050=\":443\"; ma=2592000,h3-Q050=\":443\"; ma=2592000,h3-Q049=\":443\"; ma=2592000,h3-Q048=\":443\"; ma=2592000,h3-Q046=\":443\"; ma=2592000,h3-Q043=\":443\"; ma=2592000,quic=\":443\"; ma=2592000; v=\"46,43\"","accept-ranges":"none","transfer-encoding":"chunked"}
[debug] [2020-06-04T19:43:28.928Z] [LRO Poller] Retrying task index 0
[debug] [2020-06-04T19:43:28.929Z] >>> HTTP REQUEST GET https://firebaseextensions.googleapis.com/v1beta/projects/mail2airtable/operations/c47f55d9-dd2b-4345-a77a-0e9b4d0d85c8  
 
[debug] [2020-06-04T19:43:29.485Z] <<< HTTP RESPONSE 200 {"content-type":"application/json; charset=UTF-8","vary":"X-Origin, Referer, Origin,Accept-Encoding","date":"Thu, 04 Jun 2020 19:43:33 GMT","server":"ESF","cache-control":"private","x-xss-protection":"0","x-frame-options":"SAMEORIGIN","x-content-type-options":"nosniff","alt-svc":"h3-27=\":443\"; ma=2592000,h3-25=\":443\"; ma=2592000,h3-T050=\":443\"; ma=2592000,h3-Q050=\":443\"; ma=2592000,h3-Q049=\":443\"; ma=2592000,h3-Q048=\":443\"; ma=2592000,h3-Q046=\":443\"; ma=2592000,h3-Q043=\":443\"; ma=2592000,quic=\":443\"; ma=2592000; v=\"46,43\"","accept-ranges":"none","transfer-encoding":"chunked"}
[error] 
[error] Error: Unable to find official extension named https://github.com/fireRun-io/firerun-ext/archive/v0.1-alpha.zip, and encountered the following error when trying to create an extension from 'https://github.com/fireRun-io/firerun-ext/archive/v0.1-alpha.zip':
 generic::invalid_argument: cannot read archive: could not parse mod spec: extension.yaml is missing
